<?xml version="1.0" encoding="UTF-8"?>
<testng-results skipped="0" failed="0" total="1" passed="1">
  <reporter-output>
  </reporter-output>
  <suite name="Default suite" duration-ms="25632" started-at="2016-06-23T13:09:57Z" finished-at="2016-06-23T13:10:23Z">
    <groups>
    </groups>
    <test name="Default test" duration-ms="25632" started-at="2016-06-23T13:09:57Z" finished-at="2016-06-23T13:10:23Z">
      <class name="TestNG.NewTest">
        <test-method status="PASS" signature="setUp()[pri:0, instance:TestNG.NewTest@56f4468b]" name="setUp" is-config="true" duration-ms="6" started-at="2016-06-23T18:39:57Z" finished-at="2016-06-23T18:39:57Z">
          <reporter-output>
          </reporter-output>
        </test-method> <!-- setUp -->
        <test-method status="PASS" signature="transTest()[pri:0, instance:TestNG.NewTest@56f4468b]" name="transTest" duration-ms="25614" started-at="2016-06-23T18:39:57Z" finished-at="2016-06-23T18:40:23Z">
          <reporter-output>
          </reporter-output>
        </test-method> <!-- transTest -->
        <test-method status="PASS" signature="finish()[pri:0, instance:TestNG.NewTest@56f4468b]" name="finish" is-config="true" duration-ms="1" started-at="2016-06-23T18:40:23Z" finished-at="2016-06-23T18:40:23Z">
          <reporter-output>
          </reporter-output>
        </test-method> <!-- finish -->
      </class> <!-- TestNG.NewTest -->
    </test> <!-- Default test -->
  </suite> <!-- Default suite -->
</testng-results>
